Build started 4/15/2013 11:57:12 PM.
     1>Project "C:\Users\Admin\Documents\Dropbox\Calvin documents\112\Project8\Project8\Project8.vcxproj" on node 2 (Build target(s)).
     1>ClCompile:
         C:\Program Files (x86)\Microsoft Visual Studio 11.0\VC\bin\CL.exe /c /ZI /nologo /W3 /WX- /Od /Oy- /D _MBCS /Gm /EHsc /RTC1 /MDd /GS /fp:precise /Zc:wchar_t /Zc:forScope /Fo"Debug\\" /Fd"Debug\vc110.pdb" /Gd /TP /analyze- /errorReport:prompt Palindrome.cpp PalindromeTester.cpp
         PalindromeTester.cpp
         Palindrome.cpp
         Generating Code...
       Link:
         C:\Program Files (x86)\Microsoft Visual Studio 11.0\VC\bin\link.exe /ERRORREPORT:PROMPT /OUT:"C:\Users\Admin\Documents\Dropbox\Calvin documents\112\Project8\Debug\Project8.exe" /INCREMENTAL /NOLOGO kernel32.lib user32.lib gdi32.lib winspool.lib comdlg32.lib advapi32.lib shell32.lib ole32.lib oleaut32.lib uuid.lib odbc32.lib odbccp32.lib /MANIFEST /MANIFESTUAC:"level='asInvoker' uiAccess='false'" /manifest:embed /DEBUG /PDB:"C:\Users\Admin\Documents\Dropbox\Calvin documents\112\Project8\Debug\Project8.pdb" /TLBID:1 /DYNAMICBASE /NXCOMPAT /IMPLIB:"C:\Users\Admin\Documents\Dropbox\Calvin documents\112\Project8\Debug\Project8.lib" /MACHINE:X86 Debug\ArrayQueue.obj
         Debug\ArrayQueueTester.obj
         Debug\LinkedQueue.obj
         Debug\LinkedQueueTester.obj
         Debug\Palindrome.obj
         Debug\PalindromeDetector.obj
         Debug\PalindromeTester.obj
         Debug\Stack.obj
         Debug\tester.obj
         Project8.vcxproj -> C:\Users\Admin\Documents\Dropbox\Calvin documents\112\Project8\Debug\Project8.exe
     1>Done Building Project "C:\Users\Admin\Documents\Dropbox\Calvin documents\112\Project8\Project8\Project8.vcxproj" (Build target(s)).

Build succeeded.

Time Elapsed 00:00:04.27
